# JRE version: OpenJDK Runtime Environment (21.0.8) (build 21.0.8+-14196175-b1038.72)
# Java VM: OpenJDK 64-Bit Server VM (21.0.8+-14196175-b1038.72, mixed mode, tiered, compressed oops, compressed class ptrs, g1 gc, windows-amd64)
GC Precious Log:
 CardTable entry size: 512
 Card Set container configuration: InlinePtr #cards 5 size 8 Array Of Cards #cards 12 size 40 Howl #buckets 4 coarsen threshold 1843 Howl Bitmap #cards 512 size 80 coarsen threshold 460 Card regions per heap region 1 cards per card region 2048
 CPUs: 20 total, 20 available
 Memory: 16176M
 Large Page Support: Disabled
 NUMA Support: Disabled
 Compressed Oops: Enabled (32-bit)
 Heap Region Size: 1M
 Heap Min Capacity: 8M
 Heap Initial Capacity: 254M
 Heap Max Capacity: 2G
 Pre-touch: Disabled
 Parallel Workers: 15
 Concurrent Workers: 4
 Concurrent Refinement Workers: 15
 Periodic GC: Disabled
Heap:
 garbage-first heap   total 270336K, used 198656K [0x0000000080000000, 0x0000000100000000)
  region size 1024K, 14 young (14336K), 6 survivors (6144K)
 Metaspace       used 119580K, committed 121920K, reserved 1179648K
  class space    used 16687K, committed 17856K, reserved 1048576K
GC Heap History (20 events):
Event: 11.483 GC heap after
{Heap after GC invocations=39 (full 0):
 garbage-first heap   total 160768K, used 101075K [0x0000000080000000, 0x0000000100000000)
  region size 1024K, 5 young (5120K), 5 survivors (5120K)
 Metaspace       used 110108K, committed 112384K, reserved 1179648K
  class space    used 15575K, committed 16640K, reserved 1048576K
}
Event: 11.951 GC heap before
{Heap before GC invocations=40 (full 0):
 garbage-first heap   total 168960K, used 146131K [0x0000000080000000, 0x0000000100000000)
  region size 1024K, 49 young (50176K), 5 survivors (5120K)
 Metaspace       used 113462K, committed 115776K, reserved 1179648K
  class space    used 16032K, committed 17152K, reserved 1048576K
}
Event: 11.955 GC heap after
{Heap after GC invocations=41 (full 0):
 garbage-first heap   total 168960K, used 104567K [0x0000000080000000, 0x0000000100000000)
  region size 1024K, 6 young (6144K), 6 survivors (6144K)
 Metaspace       used 113462K, committed 115776K, reserved 1179648K
  class space    used 16032K, committed 17152K, reserved 1048576K
}
Event: 12.282 GC heap before
{Heap before GC invocations=41 (full 0):
 garbage-first heap   total 168960K, used 151671K [0x0000000080000000, 0x0000000100000000)
  region size 1024K, 53 young (54272K), 6 survivors (6144K)
 Metaspace       used 113917K, committed 116224K, reserved 1179648K
  class space    used 16047K, committed 17152K, reserved 1048576K
}
Event: 12.286 GC heap after
{Heap after GC invocations=42 (full 0):
 garbage-first heap   total 169984K, used 112640K [0x0000000080000000, 0x0000000100000000)
  region size 1024K, 7 young (7168K), 7 survivors (7168K)
 Metaspace       used 113917K, committed 116224K, reserved 1179648K
  class space    used 16047K, committed 17152K, reserved 1048576K
}
Event: 12.493 GC heap before
{Heap before GC invocations=42 (full 0):
 garbage-first heap   total 169984K, used 128000K [0x0000000080000000, 0x0000000100000000)
  region size 1024K, 24 young (24576K), 7 survivors (7168K)
 Metaspace       used 115053K, committed 117376K, reserved 1179648K
  class space    used 16132K, committed 17280K, reserved 1048576K
}
Event: 12.498 GC heap after
{Heap after GC invocations=43 (full 0):
 garbage-first heap   total 169984K, used 118381K [0x0000000080000000, 0x0000000100000000)
  region size 1024K, 5 young (5120K), 5 survivors (5120K)
 Metaspace       used 115053K, committed 117376K, reserved 1179648K
  class space    used 16132K, committed 17280K, reserved 1048576K
}
Event: 13.061 GC heap before
{Heap before GC invocations=44 (full 0):
 garbage-first heap   total 206848K, used 157293K [0x0000000080000000, 0x0000000100000000)
  region size 1024K, 39 young (39936K), 5 survivors (5120K)
 Metaspace       used 118746K, committed 121088K, reserved 1179648K
  class space    used 16605K, committed 17728K, reserved 1048576K
}
Event: 13.065 GC heap after
{Heap after GC invocations=45 (full 0):
 garbage-first heap   total 206848K, used 122280K [0x0000000080000000, 0x0000000100000000)
  region size 1024K, 5 young (5120K), 5 survivors (5120K)
 Metaspace       used 118746K, committed 121088K, reserved 1179648K
  class space    used 16605K, committed 17728K, reserved 1048576K
}
Event: 13.475 GC heap before
{Heap before GC invocations=45 (full 0):
 garbage-first heap   total 206848K, used 187816K [0x0000000080000000, 0x0000000100000000)
  region size 1024K, 70 young (71680K), 5 survivors (5120K)
 Metaspace       used 118941K, committed 121280K, reserved 1179648K
  class space    used 16614K, committed 17728K, reserved 1048576K
}
Event: 13.479 GC heap after
{Heap after GC invocations=46 (full 0):
 garbage-first heap   total 206848K, used 128398K [0x0000000080000000, 0x0000000100000000)
  region size 1024K, 9 young (9216K), 9 survivors (9216K)
 Metaspace       used 118941K, committed 121280K, reserved 1179648K
  class space    used 16614K, committed 17728K, reserved 1048576K
}
Event: 13.610 GC heap before
{Heap before GC invocations=46 (full 0):
 garbage-first heap   total 206848K, used 185742K [0x0000000080000000, 0x0000000100000000)
  region size 1024K, 65 young (66560K), 9 survivors (9216K)
 Metaspace       used 118951K, committed 121280K, reserved 1179648K
  class space    used 16614K, committed 17728K, reserved 1048576K
}
Event: 13.614 GC heap after
{Heap after GC invocations=47 (full 0):
 garbage-first heap   total 206848K, used 131219K [0x0000000080000000, 0x0000000100000000)
  region size 1024K, 5 young (5120K), 5 survivors (5120K)
 Metaspace       used 118951K, committed 121280K, reserved 1179648K
  class space    used 16614K, committed 17728K, reserved 1048576K
}
Event: 13.790 GC heap before
{Heap before GC invocations=48 (full 0):
 garbage-first heap   total 220160K, used 187539K [0x0000000080000000, 0x0000000100000000)
  region size 1024K, 61 young (62464K), 5 survivors (5120K)
 Metaspace       used 118977K, committed 121344K, reserved 1179648K
  class space    used 16614K, committed 17728K, reserved 1048576K
}
Event: 13.793 GC heap after
{Heap after GC invocations=49 (full 0):
 garbage-first heap   total 220160K, used 132705K [0x0000000080000000, 0x0000000100000000)
  region size 1024K, 7 young (7168K), 7 survivors (7168K)
 Metaspace       used 118977K, committed 121344K, reserved 1179648K
  class space    used 16614K, committed 17728K, reserved 1048576K
}
Event: 14.125 GC heap before
{Heap before GC invocations=49 (full 0):
 garbage-first heap   total 220160K, used 198241K [0x0000000080000000, 0x0000000100000000)
  region size 1024K, 72 young (73728K), 7 survivors (7168K)
 Metaspace       used 119332K, committed 121728K, reserved 1179648K
  class space    used 16640K, committed 17792K, reserved 1048576K
}
Event: 14.129 GC heap after
{Heap after GC invocations=50 (full 0):
 garbage-first heap   total 220160K, used 135118K [0x0000000080000000, 0x0000000100000000)
  region size 1024K, 9 young (9216K), 9 survivors (9216K)
 Metaspace       used 119332K, committed 121728K, reserved 1179648K
  class space    used 16640K, committed 17792K, reserved 1048576K
}
Event: 14.355 GC heap before
{Heap before GC invocations=50 (full 0):
 garbage-first heap   total 220160K, used 196558K [0x0000000080000000, 0x0000000100000000)
  region size 1024K, 70 young (71680K), 9 survivors (9216K)
 Metaspace       used 119535K, committed 121920K, reserved 1179648K
  class space    used 16680K, committed 17856K, reserved 1048576K
}
Event: 14.364 GC heap after
{Heap after GC invocations=51 (full 0):
 garbage-first heap   total 233472K, used 161792K [0x0000000080000000, 0x0000000100000000)
  region size 1024K, 9 young (9216K), 9 survivors (9216K)
 Metaspace       used 119535K, committed 121920K, reserved 1179648K
  class space    used 16680K, committed 17856K, reserved 1048576K
}
Event: 14.556 GC heap before
{Heap before GC invocations=52 (full 0):
 garbage-first heap   total 270336K, used 198656K [0x0000000080000000, 0x0000000100000000)
  region size 1024K, 45 young (46080K), 9 survivors (9216K)
 Metaspace       used 119541K, committed 121920K, reserved 1179648K
  class space    used 16680K, committed 17856K, reserved 1048576K
}

